<?xml version="1.0" encoding="UTF-8"?>
<testsuite xmlns:xsi="http://www.w3.org/2001/XMLSchema-instance" xsi:noNamespaceSchemaLocation="https://maven.apache.org/surefire/maven-surefire-plugin/xsd/surefire-test-report.xsd" version="3.0.2" name="com.techie.microservices.inventory.InventoryServiceApplicationTests" time="9.53" tests="1" errors="0" skipped="0" failures="0">
  <properties>
    <property name="java.specification.version" value="23"/>
    <property name="sun.jnu.encoding" value="UTF-8"/>
    <property name="java.class.path" value="/Users/rohitkanithi/Downloads/inventory-service/target/test-classes:/Users/rohitkanithi/Downloads/inventory-service/target/classes:/Users/rohitkanithi/.m2/repository/org/springframework/boot/spring-boot-starter-data-jpa/3.4.0/spring-boot-starter-data-jpa-3.4.0.jar:/Users/rohitkanithi/.m2/repository/org/springframework/boot/spring-boot-starter/3.4.0/spring-boot-starter-3.4.0.jar:/Users/rohitkanithi/.m2/repository/org/springframework/boot/spring-boot/3.4.0/spring-boot-3.4.0.jar:/Users/rohitkanithi/.m2/repository/org/springframework/boot/spring-boot-starter-logging/3.4.0/spring-boot-starter-logging-3.4.0.jar:/Users/rohitkanithi/.m2/repository/ch/qos/logback/logback-classic/1.5.12/logback-classic-1.5.12.jar:/Users/rohitkanithi/.m2/repository/ch/qos/logback/logback-core/1.5.12/logback-core-1.5.12.jar:/Users/rohitkanithi/.m2/repository/org/apache/logging/log4j/log4j-to-slf4j/2.24.1/log4j-to-slf4j-2.24.1.jar:/Users/rohitkanithi/.m2/repository/org/apache/logging/log4j/log4j-api/2.24.1/log4j-api-2.24.1.jar:/Users/rohitkanithi/.m2/repository/org/slf4j/jul-to-slf4j/2.0.16/jul-to-slf4j-2.0.16.jar:/Users/rohitkanithi/.m2/repository/jakarta/annotation/jakarta.annotation-api/2.1.1/jakarta.annotation-api-2.1.1.jar:/Users/rohitkanithi/.m2/repository/org/yaml/snakeyaml/2.3/snakeyaml-2.3.jar:/Users/rohitkanithi/.m2/repository/org/springframework/boot/spring-boot-starter-jdbc/3.4.0/spring-boot-starter-jdbc-3.4.0.jar:/Users/rohitkanithi/.m2/repository/com/zaxxer/HikariCP/5.1.0/HikariCP-5.1.0.jar:/Users/rohitkanithi/.m2/repository/org/springframework/spring-jdbc/6.2.0/spring-jdbc-6.2.0.jar:/Users/rohitkanithi/.m2/repository/org/hibernate/orm/hibernate-core/6.6.2.Final/hibernate-core-6.6.2.Final.jar:/Users/rohitkanithi/.m2/repository/jakarta/persistence/jakarta.persistence-api/3.1.0/jakarta.persistence-api-3.1.0.jar:/Users/rohitkanithi/.m2/repository/jakarta/transaction/jakarta.transaction-api/2.0.1/jakarta.transaction-api-2.0.1.jar:/Users/rohitkanithi/.m2/repository/org/jboss/logging/jboss-logging/3.6.1.Final/jboss-logging-3.6.1.Final.jar:/Users/rohitkanithi/.m2/repository/org/hibernate/common/hibernate-commons-annotations/7.0.3.Final/hibernate-commons-annotations-7.0.3.Final.jar:/Users/rohitkanithi/.m2/repository/io/smallrye/jandex/3.2.0/jandex-3.2.0.jar:/Users/rohitkanithi/.m2/repository/com/fasterxml/classmate/1.7.0/classmate-1.7.0.jar:/Users/rohitkanithi/.m2/repository/net/bytebuddy/byte-buddy/1.15.10/byte-buddy-1.15.10.jar:/Users/rohitkanithi/.m2/repository/org/glassfish/jaxb/jaxb-runtime/4.0.5/jaxb-runtime-4.0.5.jar:/Users/rohitkanithi/.m2/repository/org/glassfish/jaxb/jaxb-core/4.0.5/jaxb-core-4.0.5.jar:/Users/rohitkanithi/.m2/repository/org/eclipse/angus/angus-activation/2.0.2/angus-activation-2.0.2.jar:/Users/rohitkanithi/.m2/repository/org/glassfish/jaxb/txw2/4.0.5/txw2-4.0.5.jar:/Users/rohitkanithi/.m2/repository/com/sun/istack/istack-commons-runtime/4.1.2/istack-commons-runtime-4.1.2.jar:/Users/rohitkanithi/.m2/repository/jakarta/inject/jakarta.inject-api/2.0.1/jakarta.inject-api-2.0.1.jar:/Users/rohitkanithi/.m2/repository/org/antlr/antlr4-runtime/4.13.0/antlr4-runtime-4.13.0.jar:/Users/rohitkanithi/.m2/repository/org/springframework/data/spring-data-jpa/3.4.0/spring-data-jpa-3.4.0.jar:/Users/rohitkanithi/.m2/repository/org/springframework/data/spring-data-commons/3.4.0/spring-data-commons-3.4.0.jar:/Users/rohitkanithi/.m2/repository/org/springframework/spring-orm/6.2.0/spring-orm-6.2.0.jar:/Users/rohitkanithi/.m2/repository/org/springframework/spring-context/6.2.0/spring-context-6.2.0.jar:/Users/rohitkanithi/.m2/repository/org/springframework/spring-aop/6.2.0/spring-aop-6.2.0.jar:/Users/rohitkanithi/.m2/repository/org/springframework/spring-tx/6.2.0/spring-tx-6.2.0.jar:/Users/rohitkanithi/.m2/repository/org/springframework/spring-beans/6.2.0/spring-beans-6.2.0.jar:/Users/rohitkanithi/.m2/repository/org/slf4j/slf4j-api/2.0.16/slf4j-api-2.0.16.jar:/Users/rohitkanithi/.m2/repository/org/springframework/spring-aspects/6.2.0/spring-aspects-6.2.0.jar:/Users/rohitkanithi/.m2/repository/org/aspectj/aspectjweaver/1.9.22.1/aspectjweaver-1.9.22.1.jar:/Users/rohitkanithi/.m2/repository/org/springframework/boot/spring-boot-starter-web/3.4.0/spring-boot-starter-web-3.4.0.jar:/Users/rohitkanithi/.m2/repository/org/springframework/boot/spring-boot-starter-json/3.4.0/spring-boot-starter-json-3.4.0.jar:/Users/rohitkanithi/.m2/repository/com/fasterxml/jackson/core/jackson-databind/2.18.1/jackson-databind-2.18.1.jar:/Users/rohitkanithi/.m2/repository/com/fasterxml/jackson/datatype/jackson-datatype-jdk8/2.18.1/jackson-datatype-jdk8-2.18.1.jar:/Users/rohitkanithi/.m2/repository/com/fasterxml/jackson/module/jackson-module-parameter-names/2.18.1/jackson-module-parameter-names-2.18.1.jar:/Users/rohitkanithi/.m2/repository/org/springframework/boot/spring-boot-starter-tomcat/3.4.0/spring-boot-starter-tomcat-3.4.0.jar:/Users/rohitkanithi/.m2/repository/org/apache/tomcat/embed/tomcat-embed-core/10.1.33/tomcat-embed-core-10.1.33.jar:/Users/rohitkanithi/.m2/repository/org/apache/tomcat/embed/tomcat-embed-el/10.1.33/tomcat-embed-el-10.1.33.jar:/Users/rohitkanithi/.m2/repository/org/apache/tomcat/embed/tomcat-embed-websocket/10.1.33/tomcat-embed-websocket-10.1.33.jar:/Users/rohitkanithi/.m2/repository/org/springframework/spring-web/6.2.0/spring-web-6.2.0.jar:/Users/rohitkanithi/.m2/repository/io/micrometer/micrometer-observation/1.14.1/micrometer-observation-1.14.1.jar:/Users/rohitkanithi/.m2/repository/io/micrometer/micrometer-commons/1.14.1/micrometer-commons-1.14.1.jar:/Users/rohitkanithi/.m2/repository/org/springframework/spring-webmvc/6.2.0/spring-webmvc-6.2.0.jar:/Users/rohitkanithi/.m2/repository/org/springframework/spring-expression/6.2.0/spring-expression-6.2.0.jar:/Users/rohitkanithi/.m2/repository/org/flywaydb/flyway-core/10.20.1/flyway-core-10.20.1.jar:/Users/rohitkanithi/.m2/repository/com/fasterxml/jackson/dataformat/jackson-dataformat-toml/2.18.1/jackson-dataformat-toml-2.18.1.jar:/Users/rohitkanithi/.m2/repository/com/fasterxml/jackson/core/jackson-core/2.18.1/jackson-core-2.18.1.jar:/Users/rohitkanithi/.m2/repository/com/fasterxml/jackson/datatype/jackson-datatype-jsr310/2.18.1/jackson-datatype-jsr310-2.18.1.jar:/Users/rohitkanithi/.m2/repository/com/fasterxml/jackson/core/jackson-annotations/2.18.1/jackson-annotations-2.18.1.jar:/Users/rohitkanithi/.m2/repository/org/flywaydb/flyway-mysql/10.20.1/flyway-mysql-10.20.1.jar:/Users/rohitkanithi/.m2/repository/com/mysql/mysql-connector-j/9.1.0/mysql-connector-j-9.1.0.jar:/Users/rohitkanithi/.m2/repository/org/projectlombok/lombok/1.18.36/lombok-1.18.36.jar:/Users/rohitkanithi/.m2/repository/org/springframework/boot/spring-boot-starter-test/3.4.0/spring-boot-starter-test-3.4.0.jar:/Users/rohitkanithi/.m2/repository/org/springframework/boot/spring-boot-test/3.4.0/spring-boot-test-3.4.0.jar:/Users/rohitkanithi/.m2/repository/org/springframework/boot/spring-boot-test-autoconfigure/3.4.0/spring-boot-test-autoconfigure-3.4.0.jar:/Users/rohitkanithi/.m2/repository/com/jayway/jsonpath/json-path/2.9.0/json-path-2.9.0.jar:/Users/rohitkanithi/.m2/repository/jakarta/xml/bind/jakarta.xml.bind-api/4.0.2/jakarta.xml.bind-api-4.0.2.jar:/Users/rohitkanithi/.m2/repository/jakarta/activation/jakarta.activation-api/2.1.3/jakarta.activation-api-2.1.3.jar:/Users/rohitkanithi/.m2/repository/net/minidev/json-smart/2.5.1/json-smart-2.5.1.jar:/Users/rohitkanithi/.m2/repository/net/minidev/accessors-smart/2.5.1/accessors-smart-2.5.1.jar:/Users/rohitkanithi/.m2/repository/org/ow2/asm/asm/9.6/asm-9.6.jar:/Users/rohitkanithi/.m2/repository/org/assertj/assertj-core/3.26.3/assertj-core-3.26.3.jar:/Users/rohitkanithi/.m2/repository/org/awaitility/awaitility/4.2.2/awaitility-4.2.2.jar:/Users/rohitkanithi/.m2/repository/org/hamcrest/hamcrest/2.2/hamcrest-2.2.jar:/Users/rohitkanithi/.m2/repository/org/junit/jupiter/junit-jupiter/5.11.3/junit-jupiter-5.11.3.jar:/Users/rohitkanithi/.m2/repository/org/junit/jupiter/junit-jupiter-api/5.11.3/junit-jupiter-api-5.11.3.jar:/Users/rohitkanithi/.m2/repository/org/opentest4j/opentest4j/1.3.0/opentest4j-1.3.0.jar:/Users/rohitkanithi/.m2/repository/org/junit/platform/junit-platform-commons/1.11.3/junit-platform-commons-1.11.3.jar:/Users/rohitkanithi/.m2/repository/org/apiguardian/apiguardian-api/1.1.2/apiguardian-api-1.1.2.jar:/Users/rohitkanithi/.m2/repository/org/junit/jupiter/junit-jupiter-params/5.11.3/junit-jupiter-params-5.11.3.jar:/Users/rohitkanithi/.m2/repository/org/junit/jupiter/junit-jupiter-engine/5.11.3/junit-jupiter-engine-5.11.3.jar:/Users/rohitkanithi/.m2/repository/org/junit/platform/junit-platform-engine/1.11.3/junit-platform-engine-1.11.3.jar:/Users/rohitkanithi/.m2/repository/org/mockito/mockito-core/5.14.2/mockito-core-5.14.2.jar:/Users/rohitkanithi/.m2/repository/net/bytebuddy/byte-buddy-agent/1.15.10/byte-buddy-agent-1.15.10.jar:/Users/rohitkanithi/.m2/repository/org/objenesis/objenesis/3.3/objenesis-3.3.jar:/Users/rohitkanithi/.m2/repository/org/mockito/mockito-junit-jupiter/5.14.2/mockito-junit-jupiter-5.14.2.jar:/Users/rohitkanithi/.m2/repository/org/skyscreamer/jsonassert/1.5.3/jsonassert-1.5.3.jar:/Users/rohitkanithi/.m2/repository/com/vaadin/external/google/android-json/0.0.20131108.vaadin1/android-json-0.0.20131108.vaadin1.jar:/Users/rohitkanithi/.m2/repository/org/springframework/spring-core/6.2.0/spring-core-6.2.0.jar:/Users/rohitkanithi/.m2/repository/org/springframework/spring-jcl/6.2.0/spring-jcl-6.2.0.jar:/Users/rohitkanithi/.m2/repository/org/springframework/spring-test/6.2.0/spring-test-6.2.0.jar:/Users/rohitkanithi/.m2/repository/org/xmlunit/xmlunit-core/2.10.0/xmlunit-core-2.10.0.jar:/Users/rohitkanithi/.m2/repository/org/springframework/boot/spring-boot-testcontainers/3.4.0/spring-boot-testcontainers-3.4.0.jar:/Users/rohitkanithi/.m2/repository/org/springframework/boot/spring-boot-autoconfigure/3.4.0/spring-boot-autoconfigure-3.4.0.jar:/Users/rohitkanithi/.m2/repository/org/testcontainers/testcontainers/1.20.4/testcontainers-1.20.4.jar:/Users/rohitkanithi/.m2/repository/junit/junit/4.13.2/junit-4.13.2.jar:/Users/rohitkanithi/.m2/repository/org/hamcrest/hamcrest-core/2.2/hamcrest-core-2.2.jar:/Users/rohitkanithi/.m2/repository/org/apache/commons/commons-compress/1.24.0/commons-compress-1.24.0.jar:/Users/rohitkanithi/.m2/repository/org/rnorth/duct-tape/duct-tape/1.0.8/duct-tape-1.0.8.jar:/Users/rohitkanithi/.m2/repository/org/jetbrains/annotations/17.0.0/annotations-17.0.0.jar:/Users/rohitkanithi/.m2/repository/com/github/docker-java/docker-java-api/3.4.0/docker-java-api-3.4.0.jar:/Users/rohitkanithi/.m2/repository/com/github/docker-java/docker-java-transport-zerodep/3.4.0/docker-java-transport-zerodep-3.4.0.jar:/Users/rohitkanithi/.m2/repository/com/github/docker-java/docker-java-transport/3.4.0/docker-java-transport-3.4.0.jar:/Users/rohitkanithi/.m2/repository/net/java/dev/jna/jna/5.13.0/jna-5.13.0.jar:/Users/rohitkanithi/.m2/repository/org/testcontainers/junit-jupiter/1.20.4/junit-jupiter-1.20.4.jar:/Users/rohitkanithi/.m2/repository/org/testcontainers/mysql/1.20.4/mysql-1.20.4.jar:/Users/rohitkanithi/.m2/repository/org/testcontainers/jdbc/1.20.4/jdbc-1.20.4.jar:/Users/rohitkanithi/.m2/repository/org/testcontainers/database-commons/1.20.4/database-commons-1.20.4.jar:"/>
    <property name="java.vm.vendor" value="Oracle Corporation"/>
    <property name="sun.arch.data.model" value="64"/>
    <property name="java.vendor.url" value="https://java.oracle.com/"/>
    <property name="user.timezone" value="America/Chicago"/>
    <property name="org.jboss.logging.provider" value="slf4j"/>
    <property name="os.name" value="Mac OS X"/>
    <property name="java.vm.specification.version" value="23"/>
    <property name="APPLICATION_NAME" value="inventory-service"/>
    <property name="sun.java.launcher" value="SUN_STANDARD"/>
    <property name="user.country" value="US"/>
    <property name="sun.boot.library.path" value="/Users/rohitkanithi/Library/Java/JavaVirtualMachines/openjdk-23-1/Contents/Home/lib"/>
    <property name="sun.java.command" value="/Users/rohitkanithi/Downloads/inventory-service/target/surefire/surefirebooter-20241219133808622_3.jar /Users/rohitkanithi/Downloads/inventory-service/target/surefire 2024-12-19T13-38-08_584-jvmRun1 surefire-20241219133808622_1tmp surefire_0-20241219133808622_2tmp"/>
    <property name="http.nonProxyHosts" value="local|*.local|169.254/16|*.169.254/16"/>
    <property name="jdk.debug" value="release"/>
    <property name="surefire.test.class.path" value="/Users/rohitkanithi/Downloads/inventory-service/target/test-classes:/Users/rohitkanithi/Downloads/inventory-service/target/classes:/Users/rohitkanithi/.m2/repository/org/springframework/boot/spring-boot-starter-data-jpa/3.4.0/spring-boot-starter-data-jpa-3.4.0.jar:/Users/rohitkanithi/.m2/repository/org/springframework/boot/spring-boot-starter/3.4.0/spring-boot-starter-3.4.0.jar:/Users/rohitkanithi/.m2/repository/org/springframework/boot/spring-boot/3.4.0/spring-boot-3.4.0.jar:/Users/rohitkanithi/.m2/repository/org/springframework/boot/spring-boot-starter-logging/3.4.0/spring-boot-starter-logging-3.4.0.jar:/Users/rohitkanithi/.m2/repository/ch/qos/logback/logback-classic/1.5.12/logback-classic-1.5.12.jar:/Users/rohitkanithi/.m2/repository/ch/qos/logback/logback-core/1.5.12/logback-core-1.5.12.jar:/Users/rohitkanithi/.m2/repository/org/apache/logging/log4j/log4j-to-slf4j/2.24.1/log4j-to-slf4j-2.24.1.jar:/Users/rohitkanithi/.m2/repository/org/apache/logging/log4j/log4j-api/2.24.1/log4j-api-2.24.1.jar:/Users/rohitkanithi/.m2/repository/org/slf4j/jul-to-slf4j/2.0.16/jul-to-slf4j-2.0.16.jar:/Users/rohitkanithi/.m2/repository/jakarta/annotation/jakarta.annotation-api/2.1.1/jakarta.annotation-api-2.1.1.jar:/Users/rohitkanithi/.m2/repository/org/yaml/snakeyaml/2.3/snakeyaml-2.3.jar:/Users/rohitkanithi/.m2/repository/org/springframework/boot/spring-boot-starter-jdbc/3.4.0/spring-boot-starter-jdbc-3.4.0.jar:/Users/rohitkanithi/.m2/repository/com/zaxxer/HikariCP/5.1.0/HikariCP-5.1.0.jar:/Users/rohitkanithi/.m2/repository/org/springframework/spring-jdbc/6.2.0/spring-jdbc-6.2.0.jar:/Users/rohitkanithi/.m2/repository/org/hibernate/orm/hibernate-core/6.6.2.Final/hibernate-core-6.6.2.Final.jar:/Users/rohitkanithi/.m2/repository/jakarta/persistence/jakarta.persistence-api/3.1.0/jakarta.persistence-api-3.1.0.jar:/Users/rohitkanithi/.m2/repository/jakarta/transaction/jakarta.transaction-api/2.0.1/jakarta.transaction-api-2.0.1.jar:/Users/rohitkanithi/.m2/repository/org/jboss/logging/jboss-logging/3.6.1.Final/jboss-logging-3.6.1.Final.jar:/Users/rohitkanithi/.m2/repository/org/hibernate/common/hibernate-commons-annotations/7.0.3.Final/hibernate-commons-annotations-7.0.3.Final.jar:/Users/rohitkanithi/.m2/repository/io/smallrye/jandex/3.2.0/jandex-3.2.0.jar:/Users/rohitkanithi/.m2/repository/com/fasterxml/classmate/1.7.0/classmate-1.7.0.jar:/Users/rohitkanithi/.m2/repository/net/bytebuddy/byte-buddy/1.15.10/byte-buddy-1.15.10.jar:/Users/rohitkanithi/.m2/repository/org/glassfish/jaxb/jaxb-runtime/4.0.5/jaxb-runtime-4.0.5.jar:/Users/rohitkanithi/.m2/repository/org/glassfish/jaxb/jaxb-core/4.0.5/jaxb-core-4.0.5.jar:/Users/rohitkanithi/.m2/repository/org/eclipse/angus/angus-activation/2.0.2/angus-activation-2.0.2.jar:/Users/rohitkanithi/.m2/repository/org/glassfish/jaxb/txw2/4.0.5/txw2-4.0.5.jar:/Users/rohitkanithi/.m2/repository/com/sun/istack/istack-commons-runtime/4.1.2/istack-commons-runtime-4.1.2.jar:/Users/rohitkanithi/.m2/repository/jakarta/inject/jakarta.inject-api/2.0.1/jakarta.inject-api-2.0.1.jar:/Users/rohitkanithi/.m2/repository/org/antlr/antlr4-runtime/4.13.0/antlr4-runtime-4.13.0.jar:/Users/rohitkanithi/.m2/repository/org/springframework/data/spring-data-jpa/3.4.0/spring-data-jpa-3.4.0.jar:/Users/rohitkanithi/.m2/repository/org/springframework/data/spring-data-commons/3.4.0/spring-data-commons-3.4.0.jar:/Users/rohitkanithi/.m2/repository/org/springframework/spring-orm/6.2.0/spring-orm-6.2.0.jar:/Users/rohitkanithi/.m2/repository/org/springframework/spring-context/6.2.0/spring-context-6.2.0.jar:/Users/rohitkanithi/.m2/repository/org/springframework/spring-aop/6.2.0/spring-aop-6.2.0.jar:/Users/rohitkanithi/.m2/repository/org/springframework/spring-tx/6.2.0/spring-tx-6.2.0.jar:/Users/rohitkanithi/.m2/repository/org/springframework/spring-beans/6.2.0/spring-beans-6.2.0.jar:/Users/rohitkanithi/.m2/repository/org/slf4j/slf4j-api/2.0.16/slf4j-api-2.0.16.jar:/Users/rohitkanithi/.m2/repository/org/springframework/spring-aspects/6.2.0/spring-aspects-6.2.0.jar:/Users/rohitkanithi/.m2/repository/org/aspectj/aspectjweaver/1.9.22.1/aspectjweaver-1.9.22.1.jar:/Users/rohitkanithi/.m2/repository/org/springframework/boot/spring-boot-starter-web/3.4.0/spring-boot-starter-web-3.4.0.jar:/Users/rohitkanithi/.m2/repository/org/springframework/boot/spring-boot-starter-json/3.4.0/spring-boot-starter-json-3.4.0.jar:/Users/rohitkanithi/.m2/repository/com/fasterxml/jackson/core/jackson-databind/2.18.1/jackson-databind-2.18.1.jar:/Users/rohitkanithi/.m2/repository/com/fasterxml/jackson/datatype/jackson-datatype-jdk8/2.18.1/jackson-datatype-jdk8-2.18.1.jar:/Users/rohitkanithi/.m2/repository/com/fasterxml/jackson/module/jackson-module-parameter-names/2.18.1/jackson-module-parameter-names-2.18.1.jar:/Users/rohitkanithi/.m2/repository/org/springframework/boot/spring-boot-starter-tomcat/3.4.0/spring-boot-starter-tomcat-3.4.0.jar:/Users/rohitkanithi/.m2/repository/org/apache/tomcat/embed/tomcat-embed-core/10.1.33/tomcat-embed-core-10.1.33.jar:/Users/rohitkanithi/.m2/repository/org/apache/tomcat/embed/tomcat-embed-el/10.1.33/tomcat-embed-el-10.1.33.jar:/Users/rohitkanithi/.m2/repository/org/apache/tomcat/embed/tomcat-embed-websocket/10.1.33/tomcat-embed-websocket-10.1.33.jar:/Users/rohitkanithi/.m2/repository/org/springframework/spring-web/6.2.0/spring-web-6.2.0.jar:/Users/rohitkanithi/.m2/repository/io/micrometer/micrometer-observation/1.14.1/micrometer-observation-1.14.1.jar:/Users/rohitkanithi/.m2/repository/io/micrometer/micrometer-commons/1.14.1/micrometer-commons-1.14.1.jar:/Users/rohitkanithi/.m2/repository/org/springframework/spring-webmvc/6.2.0/spring-webmvc-6.2.0.jar:/Users/rohitkanithi/.m2/repository/org/springframework/spring-expression/6.2.0/spring-expression-6.2.0.jar:/Users/rohitkanithi/.m2/repository/org/flywaydb/flyway-core/10.20.1/flyway-core-10.20.1.jar:/Users/rohitkanithi/.m2/repository/com/fasterxml/jackson/dataformat/jackson-dataformat-toml/2.18.1/jackson-dataformat-toml-2.18.1.jar:/Users/rohitkanithi/.m2/repository/com/fasterxml/jackson/core/jackson-core/2.18.1/jackson-core-2.18.1.jar:/Users/rohitkanithi/.m2/repository/com/fasterxml/jackson/datatype/jackson-datatype-jsr310/2.18.1/jackson-datatype-jsr310-2.18.1.jar:/Users/rohitkanithi/.m2/repository/com/fasterxml/jackson/core/jackson-annotations/2.18.1/jackson-annotations-2.18.1.jar:/Users/rohitkanithi/.m2/repository/org/flywaydb/flyway-mysql/10.20.1/flyway-mysql-10.20.1.jar:/Users/rohitkanithi/.m2/repository/com/mysql/mysql-connector-j/9.1.0/mysql-connector-j-9.1.0.jar:/Users/rohitkanithi/.m2/repository/org/projectlombok/lombok/1.18.36/lombok-1.18.36.jar:/Users/rohitkanithi/.m2/repository/org/springframework/boot/spring-boot-starter-test/3.4.0/spring-boot-starter-test-3.4.0.jar:/Users/rohitkanithi/.m2/repository/org/springframework/boot/spring-boot-test/3.4.0/spring-boot-test-3.4.0.jar:/Users/rohitkanithi/.m2/repository/org/springframework/boot/spring-boot-test-autoconfigure/3.4.0/spring-boot-test-autoconfigure-3.4.0.jar:/Users/rohitkanithi/.m2/repository/com/jayway/jsonpath/json-path/2.9.0/json-path-2.9.0.jar:/Users/rohitkanithi/.m2/repository/jakarta/xml/bind/jakarta.xml.bind-api/4.0.2/jakarta.xml.bind-api-4.0.2.jar:/Users/rohitkanithi/.m2/repository/jakarta/activation/jakarta.activation-api/2.1.3/jakarta.activation-api-2.1.3.jar:/Users/rohitkanithi/.m2/repository/net/minidev/json-smart/2.5.1/json-smart-2.5.1.jar:/Users/rohitkanithi/.m2/repository/net/minidev/accessors-smart/2.5.1/accessors-smart-2.5.1.jar:/Users/rohitkanithi/.m2/repository/org/ow2/asm/asm/9.6/asm-9.6.jar:/Users/rohitkanithi/.m2/repository/org/assertj/assertj-core/3.26.3/assertj-core-3.26.3.jar:/Users/rohitkanithi/.m2/repository/org/awaitility/awaitility/4.2.2/awaitility-4.2.2.jar:/Users/rohitkanithi/.m2/repository/org/hamcrest/hamcrest/2.2/hamcrest-2.2.jar:/Users/rohitkanithi/.m2/repository/org/junit/jupiter/junit-jupiter/5.11.3/junit-jupiter-5.11.3.jar:/Users/rohitkanithi/.m2/repository/org/junit/jupiter/junit-jupiter-api/5.11.3/junit-jupiter-api-5.11.3.jar:/Users/rohitkanithi/.m2/repository/org/opentest4j/opentest4j/1.3.0/opentest4j-1.3.0.jar:/Users/rohitkanithi/.m2/repository/org/junit/platform/junit-platform-commons/1.11.3/junit-platform-commons-1.11.3.jar:/Users/rohitkanithi/.m2/repository/org/apiguardian/apiguardian-api/1.1.2/apiguardian-api-1.1.2.jar:/Users/rohitkanithi/.m2/repository/org/junit/jupiter/junit-jupiter-params/5.11.3/junit-jupiter-params-5.11.3.jar:/Users/rohitkanithi/.m2/repository/org/junit/jupiter/junit-jupiter-engine/5.11.3/junit-jupiter-engine-5.11.3.jar:/Users/rohitkanithi/.m2/repository/org/junit/platform/junit-platform-engine/1.11.3/junit-platform-engine-1.11.3.jar:/Users/rohitkanithi/.m2/repository/org/mockito/mockito-core/5.14.2/mockito-core-5.14.2.jar:/Users/rohitkanithi/.m2/repository/net/bytebuddy/byte-buddy-agent/1.15.10/byte-buddy-agent-1.15.10.jar:/Users/rohitkanithi/.m2/repository/org/objenesis/objenesis/3.3/objenesis-3.3.jar:/Users/rohitkanithi/.m2/repository/org/mockito/mockito-junit-jupiter/5.14.2/mockito-junit-jupiter-5.14.2.jar:/Users/rohitkanithi/.m2/repository/org/skyscreamer/jsonassert/1.5.3/jsonassert-1.5.3.jar:/Users/rohitkanithi/.m2/repository/com/vaadin/external/google/android-json/0.0.20131108.vaadin1/android-json-0.0.20131108.vaadin1.jar:/Users/rohitkanithi/.m2/repository/org/springframework/spring-core/6.2.0/spring-core-6.2.0.jar:/Users/rohitkanithi/.m2/repository/org/springframework/spring-jcl/6.2.0/spring-jcl-6.2.0.jar:/Users/rohitkanithi/.m2/repository/org/springframework/spring-test/6.2.0/spring-test-6.2.0.jar:/Users/rohitkanithi/.m2/repository/org/xmlunit/xmlunit-core/2.10.0/xmlunit-core-2.10.0.jar:/Users/rohitkanithi/.m2/repository/org/springframework/boot/spring-boot-testcontainers/3.4.0/spring-boot-testcontainers-3.4.0.jar:/Users/rohitkanithi/.m2/repository/org/springframework/boot/spring-boot-autoconfigure/3.4.0/spring-boot-autoconfigure-3.4.0.jar:/Users/rohitkanithi/.m2/repository/org/testcontainers/testcontainers/1.20.4/testcontainers-1.20.4.jar:/Users/rohitkanithi/.m2/repository/junit/junit/4.13.2/junit-4.13.2.jar:/Users/rohitkanithi/.m2/repository/org/hamcrest/hamcrest-core/2.2/hamcrest-core-2.2.jar:/Users/rohitkanithi/.m2/repository/org/apache/commons/commons-compress/1.24.0/commons-compress-1.24.0.jar:/Users/rohitkanithi/.m2/repository/org/rnorth/duct-tape/duct-tape/1.0.8/duct-tape-1.0.8.jar:/Users/rohitkanithi/.m2/repository/org/jetbrains/annotations/17.0.0/annotations-17.0.0.jar:/Users/rohitkanithi/.m2/repository/com/github/docker-java/docker-java-api/3.4.0/docker-java-api-3.4.0.jar:/Users/rohitkanithi/.m2/repository/com/github/docker-java/docker-java-transport-zerodep/3.4.0/docker-java-transport-zerodep-3.4.0.jar:/Users/rohitkanithi/.m2/repository/com/github/docker-java/docker-java-transport/3.4.0/docker-java-transport-3.4.0.jar:/Users/rohitkanithi/.m2/repository/net/java/dev/jna/jna/5.13.0/jna-5.13.0.jar:/Users/rohitkanithi/.m2/repository/org/testcontainers/junit-jupiter/1.20.4/junit-jupiter-1.20.4.jar:/Users/rohitkanithi/.m2/repository/org/testcontainers/mysql/1.20.4/mysql-1.20.4.jar:/Users/rohitkanithi/.m2/repository/org/testcontainers/jdbc/1.20.4/jdbc-1.20.4.jar:/Users/rohitkanithi/.m2/repository/org/testcontainers/database-commons/1.20.4/database-commons-1.20.4.jar:"/>
    <property name="sun.cpu.endian" value="little"/>
    <property name="user.home" value="/Users/rohitkanithi"/>
    <property name="user.language" value="en"/>
    <property name="java.specification.vendor" value="Oracle Corporation"/>
    <property name="java.version.date" value="2024-09-17"/>
    <property name="java.home" value="/Users/rohitkanithi/Library/Java/JavaVirtualMachines/openjdk-23-1/Contents/Home"/>
    <property name="file.separator" value="/"/>
    <property name="basedir" value="/Users/rohitkanithi/Downloads/inventory-service"/>
    <property name="java.vm.compressedOopsMode" value="Zero based"/>
    <property name="line.separator" value="&#10;"/>
    <property name="java.vm.specification.vendor" value="Oracle Corporation"/>
    <property name="java.specification.name" value="Java Platform API Specification"/>
    <property name="FILE_LOG_CHARSET" value="UTF-8"/>
    <property name="java.awt.headless" value="true"/>
    <property name="apple.awt.application.name" value="ForkedBooter"/>
    <property name="surefire.real.class.path" value="/Users/rohitkanithi/Downloads/inventory-service/target/surefire/surefirebooter-20241219133808622_3.jar"/>
    <property name="sun.management.compiler" value="HotSpot 64-Bit Tiered Compilers"/>
    <property name="ftp.nonProxyHosts" value="local|*.local|169.254/16|*.169.254/16"/>
    <property name="java.runtime.version" value="23+37-2369"/>
    <property name="user.name" value="rohitkanithi"/>
    <property name="stdout.encoding" value="UTF-8"/>
    <property name="path.separator" value=":"/>
    <property name="os.version" value="14.4"/>
    <property name="java.runtime.name" value="OpenJDK Runtime Environment"/>
    <property name="file.encoding" value="UTF-8"/>
    <property name="java.vm.name" value="OpenJDK 64-Bit Server VM"/>
    <property name="localRepository" value="/Users/rohitkanithi/.m2/repository"/>
    <property name="java.vendor.url.bug" value="https://bugreport.java.com/bugreport/"/>
    <property name="java.io.tmpdir" value="/var/folders/gg/59ftqx4x13x0rzptsd5kw1400000gn/T/"/>
    <property name="idea.version" value="2024.2.3"/>
    <property name="com.zaxxer.hikari.pool_number" value="1"/>
    <property name="java.version" value="23"/>
    <property name="user.dir" value="/Users/rohitkanithi/Downloads/inventory-service"/>
    <property name="os.arch" value="aarch64"/>
    <property name="java.vm.specification.name" value="Java Virtual Machine Specification"/>
    <property name="PID" value="2862"/>
    <property name="CONSOLE_LOG_CHARSET" value="UTF-8"/>
    <property name="native.encoding" value="UTF-8"/>
    <property name="java.library.path" value="/Users/rohitkanithi/Library/Java/Extensions:/Library/Java/Extensions:/Network/Library/Java/Extensions:/System/Library/Java/Extensions:/usr/lib/java:."/>
    <property name="java.vm.info" value="mixed mode, sharing"/>
    <property name="stderr.encoding" value="UTF-8"/>
    <property name="java.vendor" value="Oracle Corporation"/>
    <property name="java.vm.version" value="23+37-2369"/>
    <property name="sun.io.unicode.encoding" value="UnicodeBig"/>
    <property name="socksNonProxyHosts" value="local|*.local|169.254/16|*.169.254/16"/>
    <property name="java.class.version" value="67.0"/>
    <property name="LOGGED_APPLICATION_NAME" value="[inventory-service] "/>
  </properties>
  <testcase name="contextLoads" classname="com.techie.microservices.inventory.InventoryServiceApplicationTests" time="0.254">
    <system-out><![CDATA[13:38:08.948 [main] INFO org.springframework.test.context.support.AnnotationConfigContextLoaderUtils -- Could not detect default configuration classes for test class [com.techie.microservices.inventory.InventoryServiceApplicationTests]: InventoryServiceApplicationTests does not declare any static, non-private, non-final, nested classes annotated with @Configuration.
13:38:09.006 [main] INFO org.springframework.boot.test.context.SpringBootTestContextBootstrapper -- Found @SpringBootConfiguration com.techie.microservices.inventory.InventoryServiceApplication for test class com.techie.microservices.inventory.InventoryServiceApplicationTests

  .   ____          _            __ _ _
 /\\ / ___'_ __ _ _(_)_ __  __ _ \ \ \ \
( ( )\___ | '_ | '_| | '_ \/ _` | \ \ \ \
 \\/  ___)| |_)| | | | | || (_| |  ) ) ) )
  '  |____| .__|_| |_|_| |_\__, | / / / /
 =========|_|==============|___/=/_/_/_/

 :: Spring Boot ::                (v3.4.0)

2024-12-19T13:38:09.160-06:00  INFO 2862 --- [inventory-service] [           main] c.t.m.i.InventoryServiceApplicationTests : Starting InventoryServiceApplicationTests using Java 23 with PID 2862 (started by rohitkanithi in /Users/rohitkanithi/Downloads/inventory-service)
2024-12-19T13:38:09.160-06:00  INFO 2862 --- [inventory-service] [           main] c.t.m.i.InventoryServiceApplicationTests : No active profile set, falling back to 1 default profile: "default"
2024-12-19T13:38:09.378-06:00  INFO 2862 --- [inventory-service] [           main] .s.d.r.c.RepositoryConfigurationDelegate : Bootstrapping Spring Data JPA repositories in DEFAULT mode.
2024-12-19T13:38:09.398-06:00  INFO 2862 --- [inventory-service] [           main] .s.d.r.c.RepositoryConfigurationDelegate : Finished Spring Data repository scanning in 16 ms. Found 1 JPA repository interface.
2024-12-19T13:38:09.574-06:00  INFO 2862 --- [inventory-service] [           main] org.testcontainers.images.PullPolicy     : Image pull policy will be performed by: DefaultPullPolicy()
2024-12-19T13:38:09.575-06:00  INFO 2862 --- [inventory-service] [           main] o.t.utility.ImageNameSubstitutor         : Image name substitution will be performed by: DefaultImageNameSubstitutor (composite of 'ConfigurationFileImageNameSubstitutor' and 'PrefixingImageNameSubstitutor')
2024-12-19T13:38:09.583-06:00  INFO 2862 --- [inventory-service] [           main] org.testcontainers.DockerClientFactory   : Testcontainers version: 1.20.4
2024-12-19T13:38:09.662-06:00  INFO 2862 --- [inventory-service] [           main] o.t.d.DockerClientProviderStrategy       : Loaded org.testcontainers.dockerclient.UnixSocketClientProviderStrategy from ~/.testcontainers.properties, will try it first
2024-12-19T13:38:09.774-06:00  INFO 2862 --- [inventory-service] [           main] o.t.d.DockerClientProviderStrategy       : Found Docker environment with local Unix socket (unix:///var/run/docker.sock)
2024-12-19T13:38:09.775-06:00  INFO 2862 --- [inventory-service] [           main] org.testcontainers.DockerClientFactory   : Docker host IP address is localhost
2024-12-19T13:38:09.786-06:00  INFO 2862 --- [inventory-service] [           main] org.testcontainers.DockerClientFactory   : Connected to docker: 
  Server Version: 27.3.1
  API Version: 1.47
  Operating System: Docker Desktop
  Total Memory: 7836 MB
  Labels: 
    com.docker.desktop.address=unix:///Users/rohitkanithi/Library/Containers/com.docker.docker/Data/docker-cli.sock
2024-12-19T13:38:09.798-06:00  INFO 2862 --- [inventory-service] [           main] tc.testcontainers/ryuk:0.11.0            : Creating container for image: testcontainers/ryuk:0.11.0
2024-12-19T13:38:09.991-06:00  INFO 2862 --- [inventory-service] [           main] tc.testcontainers/ryuk:0.11.0            : Container testcontainers/ryuk:0.11.0 is starting: f560b89bc8c77098f047038225bc284a5992564f2f957ee84b800af02a3a25d7
2024-12-19T13:38:10.218-06:00  INFO 2862 --- [inventory-service] [           main] tc.testcontainers/ryuk:0.11.0            : Container testcontainers/ryuk:0.11.0 started in PT0.420159S
2024-12-19T13:38:10.222-06:00  INFO 2862 --- [inventory-service] [           main] o.t.utility.RyukResourceReaper           : Ryuk started - will monitor and terminate Testcontainers containers on JVM exit
2024-12-19T13:38:10.222-06:00  INFO 2862 --- [inventory-service] [           main] org.testcontainers.DockerClientFactory   : Checking the system...
2024-12-19T13:38:10.222-06:00  INFO 2862 --- [inventory-service] [           main] org.testcontainers.DockerClientFactory   : ✔︎ Docker server version should be at least 1.6.0
2024-12-19T13:38:10.224-06:00  INFO 2862 --- [inventory-service] [           main] tc.mysql:latest                          : Creating container for image: mysql:latest
2024-12-19T13:38:10.260-06:00  INFO 2862 --- [inventory-service] [           main] tc.mysql:latest                          : Container mysql:latest is starting: c88368b3af954ebc581c92b546fd1e57179bfea74b602a956267e1851009c846
2024-12-19T13:38:10.439-06:00  INFO 2862 --- [inventory-service] [           main] tc.mysql:latest                          : Waiting for database connection to become available at jdbc:mysql://localhost:51309/test using query 'SELECT 1'
2024-12-19T13:38:17.238-06:00  INFO 2862 --- [inventory-service] [           main] tc.mysql:latest                          : Container mysql:latest started in PT7.014321S
2024-12-19T13:38:17.238-06:00  INFO 2862 --- [inventory-service] [           main] tc.mysql:latest                          : Container is started (JDBC URL: jdbc:mysql://localhost:51309/test)
2024-12-19T13:38:17.252-06:00 DEBUG 2862 --- [inventory-service] [           main] com.zaxxer.hikari.HikariConfig           : Driver class com.mysql.cj.jdbc.Driver found in Thread context class loader jdk.internal.loader.ClassLoaders$AppClassLoader@18ff02e4
2024-12-19T13:38:17.258-06:00 DEBUG 2862 --- [inventory-service] [           main] com.zaxxer.hikari.HikariConfig           : Driver class com.mysql.cj.jdbc.Driver found in Thread context class loader jdk.internal.loader.ClassLoaders$AppClassLoader@18ff02e4
2024-12-19T13:38:17.288-06:00  INFO 2862 --- [inventory-service] [           main] o.hibernate.jpa.internal.util.LogHelper  : HHH000204: Processing PersistenceUnitInfo [name: default]
2024-12-19T13:38:17.307-06:00  INFO 2862 --- [inventory-service] [           main] org.hibernate.Version                    : HHH000412: Hibernate ORM core version 6.6.2.Final
2024-12-19T13:38:17.317-06:00  INFO 2862 --- [inventory-service] [           main] o.h.c.internal.RegionFactoryInitiator    : HHH000026: Second-level cache disabled
2024-12-19T13:38:17.406-06:00  INFO 2862 --- [inventory-service] [           main] o.s.o.j.p.SpringPersistenceUnitInfo      : No LoadTimeWeaver setup: ignoring JPA class transformer
2024-12-19T13:38:17.416-06:00 DEBUG 2862 --- [inventory-service] [           main] com.zaxxer.hikari.HikariConfig           : HikariPool-1 - configuration:
2024-12-19T13:38:17.417-06:00 DEBUG 2862 --- [inventory-service] [           main] com.zaxxer.hikari.HikariConfig           : allowPoolSuspension.............false
2024-12-19T13:38:17.417-06:00 DEBUG 2862 --- [inventory-service] [           main] com.zaxxer.hikari.HikariConfig           : autoCommit......................true
2024-12-19T13:38:17.417-06:00 DEBUG 2862 --- [inventory-service] [           main] com.zaxxer.hikari.HikariConfig           : catalog.........................none
2024-12-19T13:38:17.417-06:00 DEBUG 2862 --- [inventory-service] [           main] com.zaxxer.hikari.HikariConfig           : connectionInitSql...............none
2024-12-19T13:38:17.417-06:00 DEBUG 2862 --- [inventory-service] [           main] com.zaxxer.hikari.HikariConfig           : connectionTestQuery.............none
2024-12-19T13:38:17.417-06:00 DEBUG 2862 --- [inventory-service] [           main] com.zaxxer.hikari.HikariConfig           : connectionTimeout...............30000
2024-12-19T13:38:17.417-06:00 DEBUG 2862 --- [inventory-service] [           main] com.zaxxer.hikari.HikariConfig           : dataSource......................none
2024-12-19T13:38:17.418-06:00 DEBUG 2862 --- [inventory-service] [           main] com.zaxxer.hikari.HikariConfig           : dataSourceClassName.............none
2024-12-19T13:38:17.418-06:00 DEBUG 2862 --- [inventory-service] [           main] com.zaxxer.hikari.HikariConfig           : dataSourceJNDI..................none
2024-12-19T13:38:17.418-06:00 DEBUG 2862 --- [inventory-service] [           main] com.zaxxer.hikari.HikariConfig           : dataSourceProperties............{password=<masked>}
2024-12-19T13:38:17.418-06:00 DEBUG 2862 --- [inventory-service] [           main] com.zaxxer.hikari.HikariConfig           : driverClassName................."com.mysql.cj.jdbc.Driver"
2024-12-19T13:38:17.418-06:00 DEBUG 2862 --- [inventory-service] [           main] com.zaxxer.hikari.HikariConfig           : exceptionOverrideClassName......none
2024-12-19T13:38:17.418-06:00 DEBUG 2862 --- [inventory-service] [           main] com.zaxxer.hikari.HikariConfig           : healthCheckProperties...........{}
2024-12-19T13:38:17.418-06:00 DEBUG 2862 --- [inventory-service] [           main] com.zaxxer.hikari.HikariConfig           : healthCheckRegistry.............none
2024-12-19T13:38:17.418-06:00 DEBUG 2862 --- [inventory-service] [           main] com.zaxxer.hikari.HikariConfig           : idleTimeout.....................600000
2024-12-19T13:38:17.418-06:00 DEBUG 2862 --- [inventory-service] [           main] com.zaxxer.hikari.HikariConfig           : initializationFailTimeout.......1
2024-12-19T13:38:17.418-06:00 DEBUG 2862 --- [inventory-service] [           main] com.zaxxer.hikari.HikariConfig           : isolateInternalQueries..........false
2024-12-19T13:38:17.419-06:00 DEBUG 2862 --- [inventory-service] [           main] com.zaxxer.hikari.HikariConfig           : jdbcUrl.........................jdbc:mysql://localhost:51309/test
2024-12-19T13:38:17.419-06:00 DEBUG 2862 --- [inventory-service] [           main] com.zaxxer.hikari.HikariConfig           : keepaliveTime...................0
2024-12-19T13:38:17.419-06:00 DEBUG 2862 --- [inventory-service] [           main] com.zaxxer.hikari.HikariConfig           : leakDetectionThreshold..........0
2024-12-19T13:38:17.419-06:00 DEBUG 2862 --- [inventory-service] [           main] com.zaxxer.hikari.HikariConfig           : maxLifetime.....................1800000
2024-12-19T13:38:17.419-06:00 DEBUG 2862 --- [inventory-service] [           main] com.zaxxer.hikari.HikariConfig           : maximumPoolSize.................10
2024-12-19T13:38:17.419-06:00 DEBUG 2862 --- [inventory-service] [           main] com.zaxxer.hikari.HikariConfig           : metricRegistry..................none
2024-12-19T13:38:17.419-06:00 DEBUG 2862 --- [inventory-service] [           main] com.zaxxer.hikari.HikariConfig           : metricsTrackerFactory...........none
2024-12-19T13:38:17.419-06:00 DEBUG 2862 --- [inventory-service] [           main] com.zaxxer.hikari.HikariConfig           : minimumIdle.....................10
2024-12-19T13:38:17.419-06:00 DEBUG 2862 --- [inventory-service] [           main] com.zaxxer.hikari.HikariConfig           : password........................<masked>
2024-12-19T13:38:17.419-06:00 DEBUG 2862 --- [inventory-service] [           main] com.zaxxer.hikari.HikariConfig           : poolName........................"HikariPool-1"
2024-12-19T13:38:17.419-06:00 DEBUG 2862 --- [inventory-service] [           main] com.zaxxer.hikari.HikariConfig           : readOnly........................false
2024-12-19T13:38:17.419-06:00 DEBUG 2862 --- [inventory-service] [           main] com.zaxxer.hikari.HikariConfig           : registerMbeans..................false
2024-12-19T13:38:17.419-06:00 DEBUG 2862 --- [inventory-service] [           main] com.zaxxer.hikari.HikariConfig           : scheduledExecutor...............none
2024-12-19T13:38:17.419-06:00 DEBUG 2862 --- [inventory-service] [           main] com.zaxxer.hikari.HikariConfig           : schema..........................none
2024-12-19T13:38:17.419-06:00 DEBUG 2862 --- [inventory-service] [           main] com.zaxxer.hikari.HikariConfig           : threadFactory...................internal
2024-12-19T13:38:17.419-06:00 DEBUG 2862 --- [inventory-service] [           main] com.zaxxer.hikari.HikariConfig           : transactionIsolation............default
2024-12-19T13:38:17.420-06:00 DEBUG 2862 --- [inventory-service] [           main] com.zaxxer.hikari.HikariConfig           : username........................"test"
2024-12-19T13:38:17.420-06:00 DEBUG 2862 --- [inventory-service] [           main] com.zaxxer.hikari.HikariConfig           : validationTimeout...............5000
2024-12-19T13:38:17.420-06:00  INFO 2862 --- [inventory-service] [           main] com.zaxxer.hikari.HikariDataSource       : HikariPool-1 - Starting...
2024-12-19T13:38:17.532-06:00  INFO 2862 --- [inventory-service] [           main] com.zaxxer.hikari.pool.HikariPool        : HikariPool-1 - Added connection com.mysql.cj.jdbc.ConnectionImpl@709d2a6c
2024-12-19T13:38:17.532-06:00  INFO 2862 --- [inventory-service] [           main] com.zaxxer.hikari.HikariDataSource       : HikariPool-1 - Start completed.
2024-12-19T13:38:17.566-06:00  INFO 2862 --- [inventory-service] [           main] org.hibernate.orm.connections.pooling    : HHH10001005: Database info:
	Database JDBC URL [Connecting through datasource 'HikariDataSource (HikariPool-1)']
	Database driver: undefined/unknown
	Database version: 9.1
	Autocommit mode: undefined/unknown
	Isolation level: undefined/unknown
	Minimum pool size: undefined/unknown
	Maximum pool size: undefined/unknown
2024-12-19T13:38:17.635-06:00 DEBUG 2862 --- [inventory-service] [l-1 housekeeper] com.zaxxer.hikari.pool.HikariPool        : HikariPool-1 - Pool stats (total=1, active=0, idle=1, waiting=0)
2024-12-19T13:38:17.652-06:00 DEBUG 2862 --- [inventory-service] [onnection adder] com.zaxxer.hikari.pool.HikariPool        : HikariPool-1 - Added connection com.mysql.cj.jdbc.ConnectionImpl@69eb6334
2024-12-19T13:38:17.686-06:00 DEBUG 2862 --- [inventory-service] [onnection adder] com.zaxxer.hikari.pool.HikariPool        : HikariPool-1 - After adding stats (total=2, active=0, idle=2, waiting=0)
2024-12-19T13:38:17.702-06:00 DEBUG 2862 --- [inventory-service] [onnection adder] com.zaxxer.hikari.pool.HikariPool        : HikariPool-1 - Added connection com.mysql.cj.jdbc.ConnectionImpl@28d6690f
2024-12-19T13:38:17.737-06:00 DEBUG 2862 --- [inventory-service] [onnection adder] com.zaxxer.hikari.pool.HikariPool        : HikariPool-1 - After adding stats (total=3, active=0, idle=3, waiting=0)
2024-12-19T13:38:17.754-06:00 DEBUG 2862 --- [inventory-service] [onnection adder] com.zaxxer.hikari.pool.HikariPool        : HikariPool-1 - Added connection com.mysql.cj.jdbc.ConnectionImpl@193460b4
2024-12-19T13:38:17.788-06:00 DEBUG 2862 --- [inventory-service] [onnection adder] com.zaxxer.hikari.pool.HikariPool        : HikariPool-1 - After adding stats (total=4, active=0, idle=4, waiting=0)
2024-12-19T13:38:17.804-06:00 DEBUG 2862 --- [inventory-service] [onnection adder] com.zaxxer.hikari.pool.HikariPool        : HikariPool-1 - Added connection com.mysql.cj.jdbc.ConnectionImpl@48f99640
2024-12-19T13:38:17.839-06:00 DEBUG 2862 --- [inventory-service] [onnection adder] com.zaxxer.hikari.pool.HikariPool        : HikariPool-1 - After adding stats (total=5, active=0, idle=5, waiting=0)
2024-12-19T13:38:17.854-06:00 DEBUG 2862 --- [inventory-service] [onnection adder] com.zaxxer.hikari.pool.HikariPool        : HikariPool-1 - Added connection com.mysql.cj.jdbc.ConnectionImpl@4cb7aa08
2024-12-19T13:38:17.855-06:00  INFO 2862 --- [inventory-service] [           main] o.h.e.t.j.p.i.JtaPlatformInitiator       : HHH000489: No JTA platform available (set 'hibernate.transaction.jta.platform' to enable JTA platform integration)
2024-12-19T13:38:17.856-06:00  INFO 2862 --- [inventory-service] [           main] j.LocalContainerEntityManagerFactoryBean : Initialized JPA EntityManagerFactory for persistence unit 'default'
2024-12-19T13:38:17.888-06:00 DEBUG 2862 --- [inventory-service] [onnection adder] com.zaxxer.hikari.pool.HikariPool        : HikariPool-1 - After adding stats (total=6, active=0, idle=6, waiting=0)
2024-12-19T13:38:17.902-06:00 DEBUG 2862 --- [inventory-service] [onnection adder] com.zaxxer.hikari.pool.HikariPool        : HikariPool-1 - Added connection com.mysql.cj.jdbc.ConnectionImpl@29131f6e
2024-12-19T13:38:17.937-06:00 DEBUG 2862 --- [inventory-service] [onnection adder] com.zaxxer.hikari.pool.HikariPool        : HikariPool-1 - After adding stats (total=7, active=0, idle=7, waiting=0)
2024-12-19T13:38:17.952-06:00 DEBUG 2862 --- [inventory-service] [onnection adder] com.zaxxer.hikari.pool.HikariPool        : HikariPool-1 - Added connection com.mysql.cj.jdbc.ConnectionImpl@53807bcb
2024-12-19T13:38:17.987-06:00 DEBUG 2862 --- [inventory-service] [onnection adder] com.zaxxer.hikari.pool.HikariPool        : HikariPool-1 - After adding stats (total=8, active=0, idle=8, waiting=0)
2024-12-19T13:38:18.003-06:00 DEBUG 2862 --- [inventory-service] [onnection adder] com.zaxxer.hikari.pool.HikariPool        : HikariPool-1 - Added connection com.mysql.cj.jdbc.ConnectionImpl@31d2bcff
2024-12-19T13:38:18.021-06:00  WARN 2862 --- [inventory-service] [           main] JpaBaseConfiguration$JpaWebConfiguration : spring.jpa.open-in-view is enabled by default. Therefore, database queries may be performed during view rendering. Explicitly configure spring.jpa.open-in-view to disable this warning
2024-12-19T13:38:18.036-06:00 DEBUG 2862 --- [inventory-service] [onnection adder] com.zaxxer.hikari.pool.HikariPool        : HikariPool-1 - After adding stats (total=9, active=0, idle=9, waiting=0)
2024-12-19T13:38:18.047-06:00 DEBUG 2862 --- [inventory-service] [onnection adder] com.zaxxer.hikari.pool.HikariPool        : HikariPool-1 - Added connection com.mysql.cj.jdbc.ConnectionImpl@7048fc64
2024-12-19T13:38:18.082-06:00 DEBUG 2862 --- [inventory-service] [onnection adder] com.zaxxer.hikari.pool.HikariPool        : HikariPool-1 - After adding stats (total=10, active=0, idle=10, waiting=0)
2024-12-19T13:38:18.151-06:00  INFO 2862 --- [inventory-service] [           main] c.t.m.i.InventoryServiceApplicationTests : Started InventoryServiceApplicationTests in 9.099 seconds (process running for 9.487)
]]></system-out>
    <system-err><![CDATA[Mockito is currently self-attaching to enable the inline-mock-maker. This will no longer work in future releases of the JDK. Please add Mockito as an agent to your build what is described in Mockito's documentation: https://javadoc.io/doc/org.mockito/mockito-core/latest/org/mockito/Mockito.html#0.3
WARNING: A Java agent has been loaded dynamically (/Users/rohitkanithi/.m2/repository/net/bytebuddy/byte-buddy-agent/1.15.10/byte-buddy-agent-1.15.10.jar)
WARNING: If a serviceability tool is in use, please run with -XX:+EnableDynamicAgentLoading to hide this warning
WARNING: If a serviceability tool is not in use, please run with -Djdk.instrument.traceUsage for more information
WARNING: Dynamic loading of agents will be disallowed by default in a future release
]]></system-err>
  </testcase>
</testsuite>